<?xml version="1.0" encoding="UTF-8"?>
<!-- Generated by org.testng.reporters.JUnitReportReporter -->
<testsuite hostname="dPLAP166" failures="0" tests="3" name="SeleniumTest1" time="9.741" errors="0" timestamp="2022-12-08T18:28:41 IST" skipped="0">
  <testcase classname="SeleniumTest1" name="mul" time="0.001"/>
  <system-out/>
  <testcase classname="SeleniumTest1" name="browserOpen" time="9.740"/>
  <system-out/>
  <testcase classname="SeleniumTest1" name="sum" time="0.000"/>
  <system-out/>
</testsuite> <!-- SeleniumTest1 -->
