<?xml version="1.0" encoding="UTF-8"?>
<!-- Generated by org.testng.reporters.JUnitReportReporter -->
<testsuite hostname="dPLAP166" failures="0" tests="4" name="SeleniumTest1" time="9.876" errors="0" timestamp="2022-12-21T16:27:48 IST" skipped="0">
  <testcase classname="SeleniumTest1" name="sum" time="0.006"/>
  <system-out/>
  <testcase classname="SeleniumTest1" name="mul" time="0.001"/>
  <system-out/>
  <testcase classname="SeleniumTest1" name="login" time="8.989"/>
  <system-out/>
  <testcase classname="SeleniumTest1" name="menuItems" time="0.880"/>
  <system-out/>
</testsuite> <!-- SeleniumTest1 -->
