<?xml version="1.0" encoding="UTF-8"?>
<!-- Generated by org.testng.reporters.JUnitReportReporter -->
<testsuite hostname="dPLAP166" failures="0" tests="2" name="Test1" time="12.234" errors="0" timestamp="2023-03-27T19:05:29 IST" skipped="0">
  <testcase classname="Test1" name="LoginXGL" time="10.821"/>
  <system-out>
    <![CDATA[Pass: Login Successfull]]>
  </system-out>
  <testcase classname="Test1" name="About" time="1.413"/>
  <system-out>
    <![CDATA[ Instance QA134-PS xGL DB
 Data Service 10.7.30.164:1521/xgldb
 Channel Count ChannelCount: 556, HeadendCount=74
 Build Info develop | ID=caa771f da @ 03/27/23 12:02 PM
 Package Info xGLinear 2.5.3 Azure Build at 03/27/2023 12:08:16
Pass: About information read]]>
  </system-out>
</testsuite> <!-- Test1 -->
