<?xml version="1.0" encoding="UTF-8"?>
<!-- Generated by org.testng.reporters.JUnitReportReporter -->
<testsuite hostname="dPLAP166" failures="0" tests="2" name="Create_Network" time="1.029" errors="0" timestamp="2023-06-15T20:35:08 IST" skipped="0">
  <testcase classname="Create_Network" name="search_Network" time="0.727"/>
  <system-out/>
  <testcase classname="Create_Network" name="create_Network" time="0.302"/>
  <system-out/>
</testsuite> <!-- Create_Network -->
