<?xml version="1.0" encoding="UTF-8"?>
<!-- Generated by org.testng.reporters.JUnitReportReporter -->
<testsuite hostname="dPLAP166" failures="0" tests="2" name="BillingSubmission_Permission" time="1.791" errors="0" timestamp="2023-03-27T19:05:29 IST" skipped="1">
  <testcase classname="BillingSubmission_Permission" name="test_billing_permission" time="1.791"/>
  <system-out>
    <![CDATA[No data available to test View Moved Ad Units Detail, View Moved Ad Units List,Undo Ad Unit Movement
DAT is granted
No data available to test View Moved Ad Units Detail, View Moved Ad Units List,Undo Ad Unit Movement
No data available to test View Moved Ad Units Detail, View Moved Ad Units List,Undo Ad Unit Movement]]>
  </system-out>
  <testcase classname="BillingSubmission_Permission" name="getLoginCred">
    <skipped/>
  </testcase> <!-- getLoginCred -->
  <system-out/>
</testsuite> <!-- BillingSubmission_Permission -->
