<?xml version="1.0" encoding="UTF-8"?>
<!-- Generated by org.testng.reporters.JUnitReportReporter -->
<testsuite hostname="dPLAP166" failures="0" tests="2" name="SeleniumTest2" time="11.230" errors="0" timestamp="2022-12-21T16:27:48 IST" skipped="0">
  <testcase classname="SeleniumTest2" name="logintoHRM" time="9.137"/>
  <system-out/>
  <testcase classname="SeleniumTest2" name="logout" time="2.093"/>
  <system-out/>
</testsuite> <!-- SeleniumTest2 -->
