<?xml version="1.0" encoding="UTF-8"?>
<!-- Generated by org.testng.reporters.JUnitReportReporter -->
<testsuite hostname="dPLAP166" failures="0" tests="2" name="XGLT_15177_Test" time="40.583" errors="0" timestamp="2023-08-03T17:16:53 IST" skipped="0">
  <testcase classname="XGLT_15177_Test" name="LoginXGL" time="37.979"/>
  <system-out/>
  <testcase classname="XGLT_15177_Test" name="About" time="2.604"/>
  <system-out>
    <![CDATA[InstanceQA134-PS xGL DB
InstanceQA134-PS xGL DBData Service10.7.30.164:1521/xgldb
InstanceQA134-PS xGL DBData Service10.7.30.164:1521/xgldbChannel CountChannelCount: 559, HeadendCount=76
InstanceQA134-PS xGL DBData Service10.7.30.164:1521/xgldbChannel CountChannelCount: 559, HeadendCount=76Build Infodevelop | ID=2697153 5c @ 08/02/23 05:27 AM
InstanceQA134-PS xGL DBData Service10.7.30.164:1521/xgldbChannel CountChannelCount: 559, HeadendCount=76Build Infodevelop | ID=2697153 5c @ 08/02/23 05:27 AMPackage InfoxGLinear 2.6.0 Azure Build at 08/02/2023 05:33:28
Pass: About information read]]>
  </system-out>
</testsuite> <!-- XGLT_15177_Test -->
