<?xml version="1.0" encoding="UTF-8"?>
<!-- Generated by org.testng.reporters.JUnitReportReporter -->
<testsuite hostname="dPLAP166" failures="0" tests="2" name="XGLT_15177" time="16.811" errors="0" timestamp="2023-06-15T20:35:08 IST" skipped="0">
  <testcase classname="XGLT_15177" name="LoginXGL" time="15.759"/>
  <system-out>
    <![CDATA[Pass: Login Successfull]]>
  </system-out>
  <testcase classname="XGLT_15177" name="About" time="1.052"/>
  <system-out>
    <![CDATA[ Instance QA134-PS xGL DB
 Data Service 10.7.30.164:1521/xgldb
 Channel Count ChannelCount: 556, HeadendCount=73
 Build Info develop | ID=a32af16 c6 @ 06/15/23 06:41 AM
 Package Info xGLinear 2.5.3 Azure Build at 06/15/2023 06:48:17
Pass: About information read]]>
  </system-out>
</testsuite> <!-- XGLT_15177 -->
